<?xml version="1.0" encoding="UTF-8" ?>
<testsuite errors="0" failures="0" hostname="twu-pc" name="pairingmatrix.UserControllerSpec" tests="6" time="2.427" timestamp="2011-09-12T11:11:33">
  <properties />
  <testcase classname="pairingmatrix.UserControllerSpec" name="should save the user when save button is clicked" time="2.196" />
  <testcase classname="pairingmatrix.UserControllerSpec" name="should display error message when the user name is empty and save is clicked" time="0.021" />
  <testcase classname="pairingmatrix.UserControllerSpec" name="should display error message when the user name saved already exists " time="0.038" />
  <testcase classname="pairingmatrix.UserControllerSpec" name="should create the pair when two users are paired together" time="0.066" />
  <testcase classname="pairingmatrix.UserControllerSpec" name="should give error when a user is paired with itself" time="0.037" />
  <testcase classname="pairingmatrix.UserControllerSpec" name="should give error when a user pair that already exists is created again" time="0.039" />
  <system-out><![CDATA[--Output from should save the user when save button is clicked--
--Output from should display error message when the user name is empty and save is clicked--
--Output from should display error message when the user name saved already exists --
--Output from should create the pair when two users are paired together--
first user nameSneha
first user pairs[Pooja]
second user namePooja
second user pairs[Sneha]
--Output from should give error when a user is paired with itself--
--Output from should give error when a user pair that already exists is created again--
first user nameSneha
first user pairs[Pooja]
second user namePooja
second user pairs[Sneha]
first user nameSneha
first user pairs[Pooja]
second user namePooja
second user pairs[Sneha]
]]></system-out>
  <system-err><![CDATA[--Output from should save the user when save button is clicked--
--Output from should display error message when the user name is empty and save is clicked--
--Output from should display error message when the user name saved already exists --
--Output from should create the pair when two users are paired together--
--Output from should give error when a user is paired with itself--
--Output from should give error when a user pair that already exists is created again--
]]></system-err>
</testsuite>
