<?xml version="1.0" encoding="UTF-8" ?>
<testsuite errors="0" failures="0" hostname="twu-pc" name="CreatePairSpec" tests="1" time="2.516" timestamp="2011-09-12T11:12:57">
  <properties />
  <testcase classname="CreatePairSpec" name="should go to show pairs page and add the newly created pair to the table when the pair is saved" time="2.515" />
  <system-out><![CDATA[--Output from should go to show pairs page and add the newly created pair to the table when the pair is saved--
first user nameSneha
first user pairs[Pooja]
second user namePooja
second user pairs[Sneha]
]]></system-out>
  <system-err><![CDATA[--Output from should go to show pairs page and add the newly created pair to the table when the pair is saved--
]]></system-err>
</testsuite>
